‚úÖ Available Models:
1. alias-code
2. alias-reasoning
3. alias-image-generation
4. alias-vision
5. alias-ha
6. meta-llama/Llama-3.3-70B-Instruct
7. meta-llama/Llama-3.1-8B-Instruct
8. Qwen/Qwen2-VL-7B-Instruct
9. openGPT-X/Teuken-7B-instruct-research-v0.4
10. deepseek-ai/DeepSeek-Coder-V2-Lite-Instruct
11. Qwen/Qwen3-Coder-30B-A3B-Instruct
12. Qwen/Qwen3-Embedding-4B
13. stabilityai/stable-diffusion-3.5-large-turbo
14. black-forest-labs/FLUX.1-dev
15. openai/whisper-large-v3
16. Kokoro-82M
17. tts-1-hd
18. deepseek-ai/DeepSeek-R1
19. openai/gpt-oss-120b
20. meta-llama/Llama-4-Scout-17B-16E-Instruct

üëâ Select a model number (default = 1): 
‚úÖ Using model: openai/gpt-oss-120b

üîç Enter a scientific query or topic: Traceback (most recent call last):
  File "/data/horse/ws/anpa439f-Function_Retrieval_Citation/Research_Project/RetrievalAugmentedGeneration/classifying_question.py", line 152, in <module>
    classification_result = extract_json_only(cls_resp.choices[0].message.content.strip())
AttributeError: 'NoneType' object has no attribute 'strip'
-> /home/anpa439f/anaconda3/envs/myenv/bin/python3 /data/horse/ws/anpa439f-Function_Retrieval_Citation/Research_Project/RetrievalAugmentedGeneration/classifying_question.py  (cwd=/data/horse/ws/anpa439f-Function_Retrieval_Citation/Research_Project/RetrievalAugmentedGeneration)
Traceback (most recent call last):
  File "/data/horse/ws/anpa439f-Function_Retrieval_Citation/Research_Project/run_pipeline.py", line 203, in <module>
    main()
  File "/data/horse/ws/anpa439f-Function_Retrieval_Citation/Research_Project/run_pipeline.py", line 162, in main
    run([sys.executable, str(CLASSIFIER)], cwd=str(RAG))
  File "/data/horse/ws/anpa439f-Function_Retrieval_Citation/Research_Project/run_pipeline.py", line 22, in run
    subprocess.run(cmd, cwd=cwd, check=True)
  File "/home/anpa439f/anaconda3/envs/myenv/lib/python3.10/subprocess.py", line 526, in run
    raise CalledProcessError(retcode, process.args,
subprocess.CalledProcessError: Command '['/home/anpa439f/anaconda3/envs/myenv/bin/python3', '/data/horse/ws/anpa439f-Function_Retrieval_Citation/Research_Project/RetrievalAugmentedGeneration/classifying_question.py']' returned non-zero exit status 1.
